# Logfile created on Mon Mar 26 18:43:24 +0200 2012 by logger.rb/22285
I, [2012-03-26T18:43:24.038395 #17144]  INFO -- : Entered step Download
I, [2012-03-26T18:45:55.565383 #17156]  INFO -- : Entered step Download
I, [2012-03-26T18:45:55.567900 #17156]  INFO -- : Sucesfully exiting step Download
I, [2012-03-26T18:45:55.568016 #17156]  INFO -- : Entered step ES
I, [2012-03-26T18:45:55.570075 #17156]  INFO -- : Sucesfully exiting step ES
I, [2012-03-26T18:50:11.869393 #17184]  INFO -- : Entered step Download
I, [2012-03-26T18:50:11.871879 #17184]  INFO -- : Sucesfully exiting step Download
I, [2012-03-26T18:50:11.871967 #17184]  INFO -- : Entered step ES
I, [2012-03-26T18:50:11.874064 #17184]  INFO -- : Sucesfully exiting step ES
I, [2012-03-26T18:50:11.874156 #17184]  INFO -- : Entered step upload
I, [2012-03-26T18:50:11.876129 #17184]  INFO -- : Sucesfully exiting step upload
I, [2012-03-26T18:52:30.835122 #17212]  INFO -- : Entered step Download
I, [2012-03-26T18:52:30.837861 #17212]  INFO -- : Sucesfully exiting step Download
I, [2012-03-26T18:52:30.837956 #17212]  INFO -- : Entered step ES
I, [2012-03-26T18:52:30.840397 #17212]  INFO -- : Sucesfully exiting step ES
I, [2012-03-26T18:52:30.840524 #17212]  INFO -- : Entered step upload
I, [2012-03-26T18:52:30.842522 #17212]  INFO -- : Sucesfully exiting step upload
I, [2012-03-26T18:52:35.697684 #17222]  INFO -- : Entered step Download
I, [2012-03-26T18:52:35.700184 #17222]  INFO -- : Sucesfully exiting step Download
I, [2012-03-26T18:52:35.700282 #17222]  INFO -- : Entered step ES
I, [2012-03-26T18:52:35.702332 #17222]  INFO -- : Sucesfully exiting step ES
I, [2012-03-26T18:52:35.702416 #17222]  INFO -- : Entered step upload
I, [2012-03-26T18:52:35.704372 #17222]  INFO -- : Sucesfully exiting step upload
I, [2012-03-26T18:52:43.554136 #17232]  INFO -- : Entered step Download
I, [2012-03-26T18:52:43.556831 #17232]  INFO -- : Sucesfully exiting step Download
I, [2012-03-26T18:52:43.556924 #17232]  INFO -- : Entered step ES
I, [2012-03-26T18:52:43.558814 #17232]  INFO -- : Sucesfully exiting step ES
I, [2012-03-26T18:52:43.558895 #17232]  INFO -- : Entered step upload
I, [2012-03-26T18:52:43.561514 #17232]  INFO -- : Sucesfully exiting step upload
I, [2012-03-26T18:52:46.129833 #17242]  INFO -- : Entered step Download
I, [2012-03-26T18:52:46.132572 #17242]  INFO -- : Sucesfully exiting step Download
I, [2012-03-26T18:52:46.132683 #17242]  INFO -- : Entered step ES
I, [2012-03-26T18:52:46.134652 #17242]  INFO -- : Sucesfully exiting step ES
I, [2012-03-26T18:52:46.134734 #17242]  INFO -- : Entered step upload
I, [2012-03-26T18:52:46.137174 #17242]  INFO -- : Sucesfully exiting step upload
I, [2012-03-26T18:52:51.072959 #17254]  INFO -- : Entered step Download
I, [2012-03-26T18:52:51.075519 #17254]  INFO -- : Sucesfully exiting step Download
I, [2012-03-26T18:52:51.075612 #17254]  INFO -- : Entered step ES
I, [2012-03-26T18:52:51.077696 #17254]  INFO -- : Sucesfully exiting step ES
I, [2012-03-26T18:52:51.077782 #17254]  INFO -- : Entered step upload
I, [2012-03-26T18:52:58.152621 #17264]  INFO -- : Entered step Download
I, [2012-03-26T18:52:58.155193 #17264]  INFO -- : Sucesfully exiting step Download
I, [2012-03-26T18:52:58.155306 #17264]  INFO -- : Entered step ES
I, [2012-03-26T18:52:58.157357 #17264]  INFO -- : Sucesfully exiting step ES
I, [2012-03-26T18:52:58.157446 #17264]  INFO -- : Entered step upload
I, [2012-03-26T18:53:05.738890 #17274]  INFO -- : Entered step Download
I, [2012-03-26T18:53:05.741631 #17274]  INFO -- : Sucesfully exiting step Download
I, [2012-03-26T18:53:05.741721 #17274]  INFO -- : Entered step ES
I, [2012-03-26T18:53:05.743613 #17274]  INFO -- : Sucesfully exiting step ES
I, [2012-03-26T18:53:05.743696 #17274]  INFO -- : Entered step upload
I, [2012-03-26T18:53:05.745653 #17274]  INFO -- : Sucesfully exiting step upload
I, [2012-03-26T18:53:10.945333 #17284]  INFO -- : Entered step Download
I, [2012-03-26T18:53:10.948069 #17284]  INFO -- : Sucesfully exiting step Download
I, [2012-03-26T18:53:10.948158 #17284]  INFO -- : Entered step ES
I, [2012-03-26T18:53:10.950342 #17284]  INFO -- : Sucesfully exiting step ES
I, [2012-03-26T18:53:10.950449 #17284]  INFO -- : Entered step upload
I, [2012-03-26T18:53:10.953176 #17284]  INFO -- : Sucesfully exiting step upload
I, [2012-03-26T18:56:09.293712 #17310]  INFO -- : Entered step Download
I, [2012-03-26T18:56:09.296408 #17310]  INFO -- : Sucesfully exiting step Download
I, [2012-03-26T18:56:09.296488 #17310]  INFO -- : Entered step ES
I, [2012-03-26T18:56:09.298519 #17310]  INFO -- : Sucesfully exiting step ES
I, [2012-03-26T18:56:09.298615 #17310]  INFO -- : Entered step upload
I, [2012-03-26T18:56:17.212599 #17320]  INFO -- : Entered step Download
I, [2012-03-26T18:56:17.215233 #17320]  INFO -- : Sucesfully exiting step Download
I, [2012-03-26T18:56:17.215348 #17320]  INFO -- : Entered step ES
I, [2012-03-26T18:56:17.217416 #17320]  INFO -- : Sucesfully exiting step ES
I, [2012-03-26T18:56:17.217502 #17320]  INFO -- : Entered step upload
I, [2012-03-26T18:56:26.572799 #17330]  INFO -- : Entered step Download
I, [2012-03-26T18:56:26.575609 #17330]  INFO -- : Sucesfully exiting step Download
I, [2012-03-26T18:56:26.575688 #17330]  INFO -- : Entered step ES
I, [2012-03-26T18:56:26.577808 #17330]  INFO -- : Sucesfully exiting step ES
I, [2012-03-26T18:56:26.577904 #17330]  INFO -- : Entered step upload
I, [2012-03-26T18:56:39.940702 #17340]  INFO -- : Entered step Download
I, [2012-03-26T18:56:39.943456 #17340]  INFO -- : Sucesfully exiting step Download
I, [2012-03-26T18:56:39.943538 #17340]  INFO -- : Entered step ES
I, [2012-03-26T18:56:39.945480 #17340]  INFO -- : Sucesfully exiting step ES
I, [2012-03-26T18:56:39.945559 #17340]  INFO -- : Entered step upload
I, [2012-03-26T18:56:39.947484 #17340]  INFO -- : Sucesfully exiting step upload
I, [2012-03-26T18:56:42.219633 #17350]  INFO -- : Entered step Download
I, [2012-03-26T18:56:42.222708 #17350]  INFO -- : Sucesfully exiting step Download
I, [2012-03-26T18:56:42.222813 #17350]  INFO -- : Entered step ES
I, [2012-03-26T18:56:42.224737 #17350]  INFO -- : Sucesfully exiting step ES
I, [2012-03-26T18:56:42.224815 #17350]  INFO -- : Entered step upload
I, [2012-03-26T18:56:45.346716 #17360]  INFO -- : Entered step Download
I, [2012-03-26T18:56:45.349365 #17360]  INFO -- : Sucesfully exiting step Download
I, [2012-03-26T18:56:45.349468 #17360]  INFO -- : Entered step ES
I, [2012-03-26T18:56:45.351406 #17360]  INFO -- : Sucesfully exiting step ES
I, [2012-03-26T18:56:45.351486 #17360]  INFO -- : Entered step upload
I, [2012-03-26T18:56:48.323664 #17370]  INFO -- : Entered step Download
I, [2012-03-26T18:56:48.326352 #17370]  INFO -- : Sucesfully exiting step Download
I, [2012-03-26T18:56:48.326437 #17370]  INFO -- : Entered step ES
I, [2012-03-26T18:56:48.328505 #17370]  INFO -- : Sucesfully exiting step ES
I, [2012-03-26T18:56:48.328588 #17370]  INFO -- : Entered step upload
I, [2012-03-26T18:56:50.556565 #17380]  INFO -- : Entered step Download
I, [2012-03-26T18:56:50.559048 #17380]  INFO -- : Sucesfully exiting step Download
I, [2012-03-26T18:56:50.559136 #17380]  INFO -- : Entered step ES
I, [2012-03-26T18:56:50.561064 #17380]  INFO -- : Sucesfully exiting step ES
I, [2012-03-26T18:56:50.561142 #17380]  INFO -- : Entered step upload
I, [2012-03-26T18:56:54.563190 #17390]  INFO -- : Entered step Download
I, [2012-03-26T18:56:54.565630 #17390]  INFO -- : Sucesfully exiting step Download
I, [2012-03-26T18:56:54.565714 #17390]  INFO -- : Entered step ES
I, [2012-03-26T18:56:54.567829 #17390]  INFO -- : Sucesfully exiting step ES
I, [2012-03-26T18:56:54.567927 #17390]  INFO -- : Entered step upload
I, [2012-03-26T18:56:54.569774 #17390]  INFO -- : Sucesfully exiting step upload
I, [2012-03-26T18:58:43.042968 #17404]  INFO -- : Entered step Download
I, [2012-03-26T18:58:43.045625 #17404]  INFO -- : Sucesfully exiting step Download
I, [2012-03-26T18:58:43.045713 #17404]  INFO -- : Entered step ES
I, [2012-03-26T18:58:43.047559 #17404]  INFO -- : Sucesfully exiting step ES
I, [2012-03-26T18:58:43.047637 #17404]  INFO -- : Entered step upload
I, [2012-03-26T18:58:51.321760 #17416]  INFO -- : Entered step Download
I, [2012-03-26T18:58:51.324573 #17416]  INFO -- : Sucesfully exiting step Download
I, [2012-03-26T18:58:51.324654 #17416]  INFO -- : Entered step ES
I, [2012-03-26T18:58:51.326520 #17416]  INFO -- : Sucesfully exiting step ES
I, [2012-03-26T18:58:51.326610 #17416]  INFO -- : Entered step upload
I, [2012-03-26T18:58:54.944887 #17426]  INFO -- : Entered step Download
I, [2012-03-26T18:58:54.947477 #17426]  INFO -- : Sucesfully exiting step Download
I, [2012-03-26T18:58:54.947572 #17426]  INFO -- : Entered step ES
I, [2012-03-26T18:58:54.949608 #17426]  INFO -- : Sucesfully exiting step ES
I, [2012-03-26T18:58:54.949685 #17426]  INFO -- : Entered step upload
I, [2012-03-26T18:58:57.859298 #17436]  INFO -- : Entered step Download
I, [2012-03-26T18:58:57.862082 #17436]  INFO -- : Sucesfully exiting step Download
I, [2012-03-26T18:58:57.862176 #17436]  INFO -- : Entered step ES
I, [2012-03-26T18:58:57.864112 #17436]  INFO -- : Sucesfully exiting step ES
I, [2012-03-26T18:58:57.864190 #17436]  INFO -- : Entered step upload
I, [2012-03-26T18:59:34.291007 #17446]  INFO -- : Entered step Download
I, [2012-03-26T18:59:34.293554 #17446]  INFO -- : Sucesfully exiting step Download
I, [2012-03-26T18:59:34.293634 #17446]  INFO -- : Entered step ES
I, [2012-03-26T18:59:34.295574 #17446]  INFO -- : Sucesfully exiting step ES
I, [2012-03-26T18:59:34.295654 #17446]  INFO -- : Entered step upload
